<?xml version="1.0" encoding="UTF-8"?>
<beans xmlns="http://www.springframework.org/schema/beans"
       xmlns:xsi="http://www.w3.org/2001/XMLSchema-instance"
       xmlns:context="http://www.springframework.org/schema/context"
       xmlns:dubbo="http://code.alibabatech.com/schema/dubbo"
       xsi:schemaLocation="http://www.springframework.org/schema/beans
    http://www.springframework.org/schema/beans/spring-beans-4.0.xsd
    http://www.springframework.org/schema/context
    http://www.springframework.org/schema/context/spring-context-4.0.xsd
    http://code.alibabatech.com/schema/dubbo
    http://code.alibabatech.com/schema/dubbo/dubbo.xsd">

    <dubbo:application name="conlock-client" />

    <dubbo:registry address="${dubbo.registry.address}" file="/opt/app/logs/conlock-service/dubbo.cache"/>

    <dubbo:reference id="conlockServiceConsumer" interface="org.willishz.conlock.service.ConlockService" protocol="dubbo" check="false" async="false" retries="2" timeout="1000" />

</beans>